<?xml version="1.0" encoding="UTF-8"?>
<testsuite name="Colecoes3.GraphListTest" tests="8" skipped="0" failures="0" errors="0" timestamp="2021-02-02T18:03:41" hostname="ZEPEDRO" time="0.041">
  <properties/>
  <testcase name="test_BFS_1()" classname="Colecoes3.GraphListTest" time="0.031"/>
  <testcase name="test_BFS_2()" classname="Colecoes3.GraphListTest" time="0.001"/>
  <testcase name="test_BFS_3()" classname="Colecoes3.GraphListTest" time="0.001"/>
  <testcase name="test_BFS_4()" classname="Colecoes3.GraphListTest" time="0.001"/>
  <testcase name="test_BFS_5()" classname="Colecoes3.GraphListTest" time="0.001"/>
  <testcase name="test_BFS_6()" classname="Colecoes3.GraphListTest" time="0.001"/>
  <testcase name="test_BFS_7()" classname="Colecoes3.GraphListTest" time="0.001"/>
  <testcase name="test_BFS_8()" classname="Colecoes3.GraphListTest" time="0.0"/>
  <system-out><![CDATA[]]></system-out>
  <system-err><![CDATA[]]></system-err>
</testsuite>
