<?xml version="1.0" encoding="UTF-8"?>
<testsuite name="Colecoes3.LinkedListTest" tests="7" skipped="0" failures="0" errors="0" timestamp="2021-02-02T19:02:14" hostname="ZEPEDRO" time="0.007">
  <properties/>
  <testcase name="test_contains_1()" classname="Colecoes3.LinkedListTest" time="0.001"/>
  <testcase name="test_contains_2()" classname="Colecoes3.LinkedListTest" time="0.0"/>
  <testcase name="test_contains_3()" classname="Colecoes3.LinkedListTest" time="0.0"/>
  <testcase name="test_contains_5()" classname="Colecoes3.LinkedListTest" time="0.0"/>
  <testcase name="test_contains_6()" classname="Colecoes3.LinkedListTest" time="0.0"/>
  <testcase name="test_contains_7()" classname="Colecoes3.LinkedListTest" time="0.0"/>
  <testcase name="test_contains_8()" classname="Colecoes3.LinkedListTest" time="0.001"/>
  <system-out><![CDATA[]]></system-out>
  <system-err><![CDATA[]]></system-err>
</testsuite>
