<?xml version="1.0" encoding="UTF-8"?>
<testsuite name="Colecoes3.GraphTest" tests="5" skipped="0" failures="0" errors="0" timestamp="2021-01-21T14:51:58" hostname="ZEPEDRO" time="0.035">
  <properties/>
  <testcase name="test_1()" classname="Colecoes3.GraphTest" time="0.028"/>
  <testcase name="test_2()" classname="Colecoes3.GraphTest" time="0.002"/>
  <testcase name="test_3()" classname="Colecoes3.GraphTest" time="0.0"/>
  <testcase name="test_4()" classname="Colecoes3.GraphTest" time="0.001"/>
  <testcase name="test_5()" classname="Colecoes3.GraphTest" time="0.001"/>
  <system-out><![CDATA[]]></system-out>
  <system-err><![CDATA[]]></system-err>
</testsuite>
