<?xml version="1.0" encoding="UTF-8"?>
<testsuite name="Colecoes3.GraphTest" tests="20" skipped="0" failures="0" errors="0" timestamp="2021-02-02T16:22:42" hostname="ZEPEDRO" time="0.075">
  <properties/>
  <testcase name="test_1()" classname="Colecoes3.GraphTest" time="0.031"/>
  <testcase name="test_2()" classname="Colecoes3.GraphTest" time="0.002"/>
  <testcase name="test_3()" classname="Colecoes3.GraphTest" time="0.002"/>
  <testcase name="test_4()" classname="Colecoes3.GraphTest" time="0.001"/>
  <testcase name="test_5()" classname="Colecoes3.GraphTest" time="0.001"/>
  <testcase name="test_ShortestPathLength_2_1()" classname="Colecoes3.GraphTest" time="0.002"/>
  <testcase name="test_ShortestPathLength_3_1()" classname="Colecoes3.GraphTest" time="0.001"/>
  <testcase name="test_ShortestPathLength_4_1()" classname="Colecoes3.GraphTest" time="0.0"/>
  <testcase name="test_ShortestPathLength_5_1()" classname="Colecoes3.GraphTest" time="0.001"/>
  <testcase name="test_ShortestPathLength_6_1()" classname="Colecoes3.GraphTest" time="0.001"/>
  <testcase name="test_ShortestPathLength_7_1()" classname="Colecoes3.GraphTest" time="0.001"/>
  <testcase name="test_ShortestPathLength_8_1()" classname="Colecoes3.GraphTest" time="0.001"/>
  <testcase name="test_ShortestPathLength_1()" classname="Colecoes3.GraphTest" time="0.001"/>
  <testcase name="test_ShortestPathLength_2()" classname="Colecoes3.GraphTest" time="0.001"/>
  <testcase name="test_ShortestPathLength_3()" classname="Colecoes3.GraphTest" time="0.002"/>
  <testcase name="test_ShortestPathLength_4()" classname="Colecoes3.GraphTest" time="0.002"/>
  <testcase name="test_ShortestPathLength_5()" classname="Colecoes3.GraphTest" time="0.001"/>
  <testcase name="test_ShortestPathLength_6()" classname="Colecoes3.GraphTest" time="0.0"/>
  <testcase name="test_ShortestPathLength_7()" classname="Colecoes3.GraphTest" time="0.001"/>
  <testcase name="test_ShortestPathLength_8()" classname="Colecoes3.GraphTest" time="0.001"/>
  <system-out><![CDATA[]]></system-out>
  <system-err><![CDATA[]]></system-err>
</testsuite>
